<?xml version="1.0" encoding="UTF-8"?>
<!-- Generated by org.testng.reporters.JUnitReportReporter -->
<testsuite hostname="Prasanta-PC" failures="0" tests="2" name="demo.Assignment" time="38.379" errors="0" timestamp="2022-05-16T16:41:00 IST" skipped="0">
  <testcase classname="demo.Assignment" name="tc002" time="22.962"/>
  <system-out/>
  <testcase classname="demo.Assignment" name="tc001" time="15.417"/>
  <system-out/>
</testsuite> <!-- demo.Assignment -->
